c:\users\vanei\source\repos\geneticalgorithm\src\genetic .479a36c1\x64\debug\vc143.pdb
c:\users\vanei\source\repos\geneticalgorithm\src\genetic .479a36c1\x64\debug\vc143.idb
c:\users\vanei\source\repos\geneticalgorithm\src\genetic .479a36c1\x64\debug\selection.obj
c:\users\vanei\source\repos\geneticalgorithm\src\genetic .479a36c1\x64\debug\process.obj
c:\users\vanei\source\repos\geneticalgorithm\src\genetic .479a36c1\x64\debug\pop.obj
c:\users\vanei\source\repos\geneticalgorithm\src\genetic .479a36c1\x64\debug\mutation.obj
c:\users\vanei\source\repos\geneticalgorithm\src\genetic .479a36c1\x64\debug\flatten.obj
c:\users\vanei\source\repos\geneticalgorithm\src\genetic .479a36c1\x64\debug\crossover.obj
c:\users\vanei\source\repos\geneticalgorithm\src\genetic .479a36c1\x64\debug\optimizer.obj
c:\users\vanei\source\repos\geneticalgorithm\src\genetic .479a36c1\x64\debug\mp_task_gen.obj
c:\users\vanei\source\repos\geneticalgorithm\src\genetic .479a36c1\x64\debug\mp_solver_th.obj
c:\users\vanei\source\repos\geneticalgorithm\src\genetic .479a36c1\x64\debug\mp_progress_disp.obj
c:\users\vanei\source\repos\geneticalgorithm\src\genetic .479a36c1\x64\debug\mp_logger.obj
c:\users\vanei\source\repos\geneticalgorithm\src\genetic .479a36c1\x64\debug\progress_display.obj
c:\users\vanei\source\repos\geneticalgorithm\src\genetic .479a36c1\x64\debug\logging.obj
c:\users\vanei\source\repos\geneticalgorithm\src\genetic .479a36c1\x64\debug\struct.obj
c:\users\vanei\source\repos\geneticalgorithm\src\genetic .479a36c1\x64\debug\rng.obj
c:\users\vanei\source\repos\geneticalgorithm\src\genetic .479a36c1\x64\debug\genetic_algorithm.obj
c:\users\vanei\source\repos\geneticalgorithm\src\genetic .479a36c1\x64\debug\helper.obj
c:\users\vanei\source\repos\geneticalgorithm\src\genetic .479a36c1\x64\debug\function.obj
d:\school\libraries\geneticalgorithm\src\x64\debug\pthreadvc3d.dll
c:\users\vanei\source\repos\geneticalgorithm\src\x64\debug\pthreadvc3d.dll
c:\users\vanei\source\repos\geneticalgorithm\src\x64\debug\genetic algrotihm.exe
c:\users\vanei\source\repos\geneticalgorithm\src\x64\debug\genetic algrotihm.pdb
c:\users\vanei\source\repos\geneticalgorithm\src\genetic .479a36c1\x64\debug\genetic algrotihm.ilk
c:\users\vanei\source\repos\geneticalgorithm\src\genetic .479a36c1\x64\debug\multiprocessing.obj
c:\users\vanei\source\repos\geneticalgorithm\src\genetic .479a36c1\x64\debug\genetic .479a36c1.tlog\cl.command.1.tlog
c:\users\vanei\source\repos\geneticalgorithm\src\genetic .479a36c1\x64\debug\genetic .479a36c1.tlog\cl.items.tlog
c:\users\vanei\source\repos\geneticalgorithm\src\genetic .479a36c1\x64\debug\genetic .479a36c1.tlog\cl.read.1.tlog
c:\users\vanei\source\repos\geneticalgorithm\src\genetic .479a36c1\x64\debug\genetic .479a36c1.tlog\cl.write.1.tlog
c:\users\vanei\source\repos\geneticalgorithm\src\genetic .479a36c1\x64\debug\genetic .479a36c1.tlog\genetic algrotihm.write.1u.tlog
c:\users\vanei\source\repos\geneticalgorithm\src\genetic .479a36c1\x64\debug\genetic .479a36c1.tlog\link.command.1.tlog
c:\users\vanei\source\repos\geneticalgorithm\src\genetic .479a36c1\x64\debug\genetic .479a36c1.tlog\link.read.1.tlog
c:\users\vanei\source\repos\geneticalgorithm\src\genetic .479a36c1\x64\debug\genetic .479a36c1.tlog\link.secondary.1.tlog
c:\users\vanei\source\repos\geneticalgorithm\src\genetic .479a36c1\x64\debug\genetic .479a36c1.tlog\link.write.1.tlog
