  Function.c
  Helper.c
  Genetic_Algorithm.c
D:\School\Libraries\GeneticAlgorithm\src\Genetic_Algorithm.c(19,20): warning C4101: 'end': unreferenced local variable
D:\School\Libraries\GeneticAlgorithm\src\Genetic_Algorithm.c(106,17): warning C4047: 'function': 'uint32_t' differs in levels of indirection from 'void *'
D:\School\Libraries\GeneticAlgorithm\src\Genetic_Algorithm.c(106,17): warning C4024: 'seedRandThread': different types for formal and actual parameter 1
D:\School\Libraries\GeneticAlgorithm\src\Genetic_Algorithm.c(154,10): warning C4101: 'j': unreferenced local variable
D:\School\Libraries\GeneticAlgorithm\src\Genetic_Algorithm.c(205,55): warning C4047: 'function': 'thread_param_t *' differs in levels of indirection from 'thread_param_t **'
D:\School\Libraries\GeneticAlgorithm\src\Genetic_Algorithm.c(205,55): warning C4024: 'start_threads': different types for formal and actual parameter 4
  multiprocessing.c
D:\School\Libraries\GeneticAlgorithm\src\Helper\multiprocessing.c(67,2): warning C4098: 'init_task_result_queue': 'void' function returning a value
D:\School\Libraries\GeneticAlgorithm\src\Helper\multiprocessing.c(174,5): warning C4098: 'init_task_queue': 'void' function returning a value
D:\School\Libraries\GeneticAlgorithm\src\Helper\multiprocessing.c(227,5): warning C4098: 'new_task': 'void' function returning a value
  rng.c
D:\School\Libraries\GeneticAlgorithm\src\Helper\rng.c(118,11): warning C4047: '==': 'uint32_t' differs in levels of indirection from 'void *'
D:\School\Libraries\GeneticAlgorithm\src\Helper\rng.c(174,15): warning C4047: 'function': 'mt_rand_t *' differs in levels of indirection from 'int (__cdecl *)(void)'
D:\School\Libraries\GeneticAlgorithm\src\Helper\rng.c(174,15): warning C4024: 'm_seedRand': different types for formal and actual parameter 1
  Struct.c
  logging.c
D:\School\Libraries\GeneticAlgorithm\src\Logger\logging.c(39,117): warning C4267: 'initializing': conversion from 'size_t' to 'int', possible loss of data
  Optimizer.c
  crossover.c
  flatten.c
  mutation.c
  pop.c
D:\School\Libraries\GeneticAlgorithm\src\Utility\pop.c(41,43): warning C4244: 'return': conversion from 'double' to 'uint32_t', possible loss of data
D:\School\Libraries\GeneticAlgorithm\src\Utility\pop.c(136,41): warning C4293: '<<': shift count negative or too big, undefined behavior
  process.c
  selection.c
  Generating Code...
D:\School\Libraries\GeneticAlgorithm\src\Helper\rng.c(93,1): warning C4715: 'rdrand': not all control paths return a value
D:\School\Libraries\GeneticAlgorithm\src\Genetic_Algorithm.c(214,1): warning C4716: 'Genetic_Algorithm': must return a value
D:\School\Libraries\GeneticAlgorithm\src\Genetic_Algorithm.c(103,1): warning C4715: 'process_log_thread': not all control paths return a value
  Genetic Algrotihm.vcxproj -> D:\School\Libraries\GeneticAlgorithm\src\x64\DLL Build\Genetic Algrotihm.dll
  'pwsh.exe' is not recognized as an internal or external command,
  operable program or batch file.
  Python ctypes structures generated and saved to D:\School\Libraries\GeneticAlgorithm\src\x64\DLL Build\Structs.py
